<?xml version="1.0" encoding="UTF-8"?>
<!-- Generated by org.testng.reporters.JUnitReportReporter -->
<testsuite hostname="DESKTOP-6AQVSRL" failures="0" tests="1" name="com.scenario1.readDataFromExcel" time="0.935" errors="0" timestamp="2024-12-14T12:47:00 IST" skipped="0">
  <testcase classname="com.scenario1.readDataFromExcel" name="f" time="0.935"/>
  <system-out/>
</testsuite> <!-- com.scenario1.readDataFromExcel -->
